2020-07-30 12:21:55.915 INFO  1. Page loaded 
2020-07-30 12:21:56.670 INFO  2. Selectors appeared 
2020-07-30 12:21:57.332 INFO  3. Found and clicked add to cart 
2020-07-30 13:06:22.885 INFO  1. Page loaded 
2020-07-30 13:06:23.859 INFO  2. Selectors appeared 
2020-07-30 13:06:24.911 INFO  3. Found and clicked add to cart 
2020-07-30 13:08:46.661 INFO  1. Page loaded 
2020-07-30 13:08:48.437 INFO  2. Selectors appeared 
2020-07-30 13:08:49.713 INFO  3. Found and clicked add to cart 
2020-07-30 13:08:51.846 INFO  4. Scrolled to add button 
2020-07-30 13:11:58.436 INFO  1. Page loaded 
2020-07-30 13:11:59.440 INFO  2. Selectors appeared 
2020-07-30 13:12:00.073 INFO  3. Found and clicked add to cart 
2020-07-30 13:12:00.912 INFO  4. Clicked cart button 
2020-07-30 13:15:52.765 INFO  1. Page loaded 
2020-07-30 13:15:53.459 INFO  2. Selectors appeared 
2020-07-30 13:15:54.125 INFO  3. Found and clicked add to cart 
2020-07-30 13:15:56.278 INFO  5. Clicked checkout button 
2020-07-30 13:20:25.204 INFO  1. Page loaded 
2020-07-30 13:20:26.327 INFO  2. Selectors appeared 
2020-07-30 13:20:27.283 INFO  3. Found and clicked add to cart 
2020-07-30 13:20:32.573 INFO  6. Logged in 
2020-07-30 13:21:49.535 INFO  1. Page loaded 
2020-07-30 13:21:50.098 INFO  2. Selectors appeared 
2020-07-30 13:21:50.906 INFO  3. Found and clicked add to cart 
2020-07-30 13:21:56.312 INFO  6. Logged in 
2020-07-30 13:48:35.999 INFO  1. Page loaded 
2020-07-30 13:48:36.552 INFO  2. Selectors appeared 
2020-07-30 13:48:37.163 INFO  3. Found and clicked add to cart 
2020-07-30 13:48:42.367 INFO  6. Logged in 
2020-07-30 13:53:14.942 INFO  1. Page loaded 
2020-07-30 13:53:15.549 INFO  2. Selectors appeared 
2020-07-30 13:53:16.155 INFO  3. Found and clicked add to cart 
2020-07-30 13:53:22.416 INFO  6. Logged in 
2020-07-30 13:55:06.887 INFO  1. Page loaded 
2020-07-30 13:55:07.786 INFO  2. Selectors appeared 
2020-07-30 13:55:08.484 INFO  3. Found and clicked add to cart 
2020-07-30 13:55:14.647 INFO  6. Logged in 
2020-07-30 13:55:47.164 INFO  1. Page loaded 
2020-07-30 13:55:47.799 INFO  2. Selectors appeared 
2020-07-30 13:55:48.493 INFO  3. Found and clicked add to cart 
2020-07-30 14:14:40.160 INFO  1. Page loaded 
2020-07-30 14:14:40.790 INFO  2. Selectors appeared 
2020-07-30 14:14:41.382 INFO  3. Found and clicked add to cart 
2020-07-30 14:16:33.758 INFO  1. Page loaded 
2020-07-30 14:16:34.560 INFO  2. Selectors appeared 
2020-07-30 14:16:35.202 INFO  3. Found and clicked add to cart 
2020-07-30 14:22:50.664 INFO  1. Page loaded 
2020-07-30 14:22:51.295 INFO  2. Selectors appeared 
2020-07-30 14:22:51.977 INFO  3. Found and clicked add to cart 
2020-07-30 14:24:59.222 INFO  1. Page loaded 
2020-07-30 14:24:59.789 INFO  2. Selectors appeared 
2020-07-30 14:25:00.557 INFO  3. Found and clicked add to cart 
2020-07-30 14:25:31.018 INFO  1. Page loaded 
2020-07-30 14:25:31.578 INFO  2. Selectors appeared 
2020-07-30 14:25:32.165 INFO  3. Found and clicked add to cart 
2020-07-30 14:31:34.543 INFO  1. Page loaded 
2020-07-30 14:31:35.117 INFO  2. Selectors appeared 
2020-07-30 14:31:35.741 INFO  3. Found and clicked add to cart 
2020-07-30 14:40:29.149 INFO  1. Page loaded 
2020-07-30 14:40:29.716 INFO  2. Selectors appeared 
2020-07-30 14:40:30.299 INFO  3. Found and clicked add to cart 
2020-07-30 14:41:48.810 INFO  1. Page loaded 
2020-07-30 14:41:49.355 INFO  2. Selectors appeared 
2020-07-30 14:41:49.913 INFO  3. Found and clicked add to cart 
2020-07-30 14:45:55.791 INFO  1. Page loaded 
2020-07-30 14:45:56.823 INFO  2. Selectors appeared 
2020-07-30 14:45:57.421 INFO  3. Found and clicked add to cart 
2020-07-30 14:55:09.679 INFO  1. Page loaded 
2020-07-30 14:55:09.750 INFO  2. Selectors appeared 
2020-07-30 14:55:09.841 INFO  3. Found and clicked add to cart 
2020-07-30 15:02:08.106 INFO  1. Page loaded 
2020-07-30 15:02:08.298 INFO  2. Selectors appeared 
2020-07-30 15:02:08.895 INFO  3. Found and clicked add to cart 
2020-07-30 15:03:00.853 INFO  1. Page loaded 
2020-07-30 15:03:00.910 INFO  2. Selectors appeared 
2020-07-30 15:03:01.192 INFO  3. Found and clicked add to cart 
2020-07-30 15:20:19.442 INFO  1. Page loaded 
2020-07-30 15:20:19.522 INFO  2. Selectors appeared 
2020-07-30 15:20:19.832 INFO  3. Found and clicked add to cart 
2020-07-30 15:32:11.625 INFO  1. Page loaded 
2020-07-30 15:32:11.695 INFO  2. Selectors appeared 
2020-07-30 15:32:11.985 INFO  3. Found and clicked add to cart 
2020-07-30 15:40:54.928 INFO  1. Page loaded 
2020-07-30 15:40:55.147 INFO  2. Selectors appeared 
2020-07-30 15:40:55.794 INFO  3. Found and clicked add to cart 
2020-07-30 15:41:21.709 INFO  1. Page loaded 
2020-07-30 15:41:21.785 INFO  2. Selectors appeared 
2020-07-30 15:41:22.072 INFO  3. Found and clicked add to cart 
2020-07-30 16:23:29.542 INFO  1. Page loaded 
2020-07-30 16:23:29.636 INFO  2. Selectors appeared 
2020-07-30 16:23:29.915 INFO  3. Found and clicked add to cart 
2020-07-30 16:25:45.056 INFO  1. Page loaded 
2020-07-30 16:25:45.185 INFO  2. Selectors appeared 
2020-07-30 16:25:45.456 INFO  3. Found and clicked add to cart 
2020-07-30 16:28:27.575 INFO  1. Page loaded 
2020-07-30 16:28:27.706 INFO  2. Selectors appeared 
2020-07-30 16:28:28.013 INFO  3. Found and clicked add to cart 
2020-07-30 16:29:12.080 INFO  1. Page loaded 
2020-07-30 16:29:12.629 INFO  2. Selectors appeared 
2020-07-30 16:29:12.760 INFO  3. Found and clicked add to cart 
2020-07-30 16:29:54.843 INFO  1. Page loaded 
2020-07-30 16:29:54.931 INFO  2. Selectors appeared 
2020-07-30 16:29:55.153 INFO  3. Found and clicked add to cart 
2020-07-30 16:30:30.155 INFO  1. Page loaded 
2020-07-30 16:30:30.263 INFO  2. Selectors appeared 
2020-07-30 16:30:30.361 INFO  3. Found and clicked add to cart 
2020-07-30 16:32:09.287 INFO  1. Page loaded 
2020-07-30 16:32:09.676 INFO  2. Selectors appeared 
2020-07-30 16:32:09.861 INFO  3. Found and clicked add to cart 
2020-07-30 16:36:51.164 INFO  1. Page loaded 
2020-07-30 16:36:51.259 INFO  2. Selectors appeared 
2020-07-30 16:36:51.333 INFO  3. Found and clicked add to cart 
2020-07-30 16:40:58.322 INFO  1. Page loaded 
2020-07-30 16:40:58.803 INFO  2. Selectors appeared 
2020-07-30 16:40:59.019 INFO  3. Found and clicked add to cart 
2020-07-30 16:41:22.798 INFO  1. Page loaded 
2020-07-30 16:41:22.889 INFO  2. Selectors appeared 
2020-07-30 16:41:23.128 INFO  3. Found and clicked add to cart 
2020-07-30 16:41:48.361 INFO  1. Page loaded 
2020-07-30 16:41:48.494 INFO  2. Selectors appeared 
2020-07-30 16:41:48.601 INFO  3. Found and clicked add to cart 
2020-07-30 16:44:07.339 INFO  1. Page loaded 
2020-07-30 16:44:08.637 INFO  2. Selectors appeared 
2020-07-30 16:44:08.959 INFO  3. Found and clicked add to cart 
2020-07-30 16:45:26.767 INFO  1. Page loaded 
2020-07-30 16:45:26.953 INFO  2. Selectors appeared 
2020-07-30 16:45:27.742 INFO  3. Found and clicked add to cart 
2020-07-30 16:52:47.074 INFO  1. Page loaded 
2020-07-30 16:52:47.134 INFO  2. Selectors appeared 
2020-07-30 16:52:47.201 INFO  3. Found and clicked add to cart 
2020-07-30 17:10:23.900 INFO  1. Page loaded 
2020-07-30 17:10:24.091 INFO  2. Selectors appeared 
2020-07-30 17:10:24.417 INFO  3. Found and clicked add to cart 
2020-07-30 17:11:03.349 INFO  1. Page loaded 
2020-07-30 17:11:03.500 INFO  2. Selectors appeared 
2020-07-30 17:11:03.741 INFO  3. Found and clicked add to cart 
2020-07-31 10:19:28.389 INFO  1. Page loaded 
2020-07-31 10:28:23.415 INFO  1. Page loaded 
2020-07-31 10:29:39.649 INFO  1. Page loaded 
2020-07-31 11:01:48.747 INFO  1. Page loaded 
2020-07-31 11:07:51.748 INFO  1. Page loaded 
2020-07-31 12:31:52.385 INFO  1. Page loaded 
2020-07-31 12:33:05.547 INFO  1. Page loaded 
2020-07-31 12:50:21.400 INFO  1. Page loaded 
2020-07-31 12:51:01.627 INFO  1. Page loaded 
2020-07-31 12:53:35.949 INFO  1. Page loaded 
2020-07-31 12:54:47.575 INFO  1. Page loaded 
2020-07-31 12:54:49.360 INFO  2. Selectors appeared 
2020-08-03 18:12:35.435 INFO  1. Page loaded 
2020-08-03 18:12:36.845 INFO  2. Selectors appeared 
2020-08-05 22:34:33.446 INFO  1. Page loaded 
2020-08-05 22:34:34.632 INFO  2. Selectors appeared 
